<?xml version="1.0" encoding="UTF-8"?>
<!-- Generated by org.testng.reporters.JUnitXMLReporter -->
<testsuite ignored="0" hostname="LAPTOP-BBIFTDBU" failures="0" tests="10" name="Test" time="66.291" errors="0" timestamp="2023-06-22T11:24:41 IST">
  <testcase classname="crmtests.LoginPageTest" name="@BeforeMethod initialization" time="25.905">
    <failure type="org.openqa.selenium.TimeoutException" message="timeout: Timed out receiving message from renderer: 23.135
  (Session info: chrome=114.0.5735.134)
Build info: version: &amp;apos;3.141.59&amp;apos;, revision: &amp;apos;e82be7d358&amp;apos;, time: &amp;apos;2018-11-14T08:17:03&amp;apos;
System info: host: &amp;apos;LAPTOP-BBIFTDBU&amp;apos;, ip: &amp;apos;192.168.43.33&amp;apos;, os.name: &amp;apos;Windows 11&amp;apos;, os.arch: &amp;apos;amd64&amp;apos;, os.version: &amp;apos;10.0&amp;apos;, java.version: &amp;apos;17.0.7&amp;apos;
Driver info: org.openqa.selenium.chrome.ChromeDriver
Capabilities {acceptInsecureCerts: false, browserName: chrome, browserVersion: 114.0.5735.134, chrome: {chromedriverVersion: 114.0.5735.90 (386bc09e8f4f..., userDataDir: C:\Users\shree\AppData\Loca...}, goog:chromeOptions: {debuggerAddress: localhost:58441}, javascriptEnabled: true, networkConnectionEnabled: false, pageLoadStrategy: normal, platform: WINDOWS, platformName: WINDOWS, proxy: Proxy(), setWindowRect: true, strictFileInteractability: false, timeouts: {implicit: 0, pageLoad: 300000, script: 30000}, unhandledPromptBehavior: dismiss and notify, webauthn:extension:credBlob: true, webauthn:extension:largeBlob: true, webauthn:extension:minPinLength: true, webauthn:extension:prf: true, webauthn:virtualAuthenticators: true}
Session ID: 78c4977e167a0c2cab769d7bf161e0c4">
      <![CDATA[org.openqa.selenium.TimeoutException: timeout: Timed out receiving message from renderer: 23.135
  (Session info: chrome=114.0.5735.134)
Build info: version: '3.141.59', revision: 'e82be7d358', time: '2018-11-14T08:17:03'
System info: host: 'LAPTOP-BBIFTDBU', ip: '192.168.43.33', os.name: 'Windows 11', os.arch: 'amd64', os.version: '10.0', java.version: '17.0.7'
Driver info: org.openqa.selenium.chrome.ChromeDriver
Capabilities {acceptInsecureCerts: false, browserName: chrome, browserVersion: 114.0.5735.134, chrome: {chromedriverVersion: 114.0.5735.90 (386bc09e8f4f..., userDataDir: C:\Users\shree\AppData\Loca...}, goog:chromeOptions: {debuggerAddress: localhost:58441}, javascriptEnabled: true, networkConnectionEnabled: false, pageLoadStrategy: normal, platform: WINDOWS, platformName: WINDOWS, proxy: Proxy(), setWindowRect: true, strictFileInteractability: false, timeouts: {implicit: 0, pageLoad: 300000, script: 30000}, unhandledPromptBehavior: dismiss and notify, webauthn:extension:credBlob: true, webauthn:extension:largeBlob: true, webauthn:extension:minPinLength: true, webauthn:extension:prf: true, webauthn:virtualAuthenticators: true}
Session ID: 78c4977e167a0c2cab769d7bf161e0c4
at org.openqa.selenium.remote.http.W3CHttpResponseCodec.createException(W3CHttpResponseCodec.java:187)
at org.openqa.selenium.remote.http.W3CHttpResponseCodec.decode(W3CHttpResponseCodec.java:122)
at org.openqa.selenium.remote.http.W3CHttpResponseCodec.decode(W3CHttpResponseCodec.java:49)
at org.openqa.selenium.remote.HttpCommandExecutor.execute(HttpCommandExecutor.java:158)
at org.openqa.selenium.remote.service.DriverCommandExecutor.execute(DriverCommandExecutor.java:83)
at org.openqa.selenium.remote.RemoteWebDriver.execute(RemoteWebDriver.java:552)
at org.openqa.selenium.remote.RemoteWebDriver.get(RemoteWebDriver.java:277)
at base.TestBase.init(TestBase.java:49)
at crmtests.LoginPageTest.initialization(LoginPageTest.java:38)
at java.base/java.util.ArrayList.forEach(ArrayList.java:1511)
... Removed 36 stack frames]]>
    </failure>
  </testcase> <!-- @BeforeMethod initialization -->
  <testcase classname="crmtests.LoginPageTest" name="@AfterMethod tearDown" time="0.0">
    <skipped/>
  </testcase> <!-- @AfterMethod tearDown -->
  <testcase classname="crmtests.LoginPageTest" name="@BeforeMethod initialization" time="0.0">
    <skipped/>
  </testcase> <!-- @BeforeMethod initialization -->
  <testcase classname="crmtests.LoginPageTest" name="@AfterMethod tearDown" time="0.0">
    <skipped/>
  </testcase> <!-- @AfterMethod tearDown -->
  <testcase classname="crmtests.HomePageTest" name="@BeforeMethod initialization" time="25.864">
    <failure type="org.openqa.selenium.TimeoutException" message="timeout: Timed out receiving message from renderer: 23.608
  (Session info: chrome=114.0.5735.134)
Build info: version: &amp;apos;3.141.59&amp;apos;, revision: &amp;apos;e82be7d358&amp;apos;, time: &amp;apos;2018-11-14T08:17:03&amp;apos;
System info: host: &amp;apos;LAPTOP-BBIFTDBU&amp;apos;, ip: &amp;apos;192.168.43.33&amp;apos;, os.name: &amp;apos;Windows 11&amp;apos;, os.arch: &amp;apos;amd64&amp;apos;, os.version: &amp;apos;10.0&amp;apos;, java.version: &amp;apos;17.0.7&amp;apos;
Driver info: org.openqa.selenium.chrome.ChromeDriver
Capabilities {acceptInsecureCerts: false, browserName: chrome, browserVersion: 114.0.5735.134, chrome: {chromedriverVersion: 114.0.5735.90 (386bc09e8f4f..., userDataDir: C:\Users\shree\AppData\Loca...}, goog:chromeOptions: {debuggerAddress: localhost:58488}, javascriptEnabled: true, networkConnectionEnabled: false, pageLoadStrategy: normal, platform: WINDOWS, platformName: WINDOWS, proxy: Proxy(), setWindowRect: true, strictFileInteractability: false, timeouts: {implicit: 0, pageLoad: 300000, script: 30000}, unhandledPromptBehavior: dismiss and notify, webauthn:extension:credBlob: true, webauthn:extension:largeBlob: true, webauthn:extension:minPinLength: true, webauthn:extension:prf: true, webauthn:virtualAuthenticators: true}
Session ID: 31c1f737f282a7a85852a53007a19847">
      <![CDATA[org.openqa.selenium.TimeoutException: timeout: Timed out receiving message from renderer: 23.608
  (Session info: chrome=114.0.5735.134)
Build info: version: '3.141.59', revision: 'e82be7d358', time: '2018-11-14T08:17:03'
System info: host: 'LAPTOP-BBIFTDBU', ip: '192.168.43.33', os.name: 'Windows 11', os.arch: 'amd64', os.version: '10.0', java.version: '17.0.7'
Driver info: org.openqa.selenium.chrome.ChromeDriver
Capabilities {acceptInsecureCerts: false, browserName: chrome, browserVersion: 114.0.5735.134, chrome: {chromedriverVersion: 114.0.5735.90 (386bc09e8f4f..., userDataDir: C:\Users\shree\AppData\Loca...}, goog:chromeOptions: {debuggerAddress: localhost:58488}, javascriptEnabled: true, networkConnectionEnabled: false, pageLoadStrategy: normal, platform: WINDOWS, platformName: WINDOWS, proxy: Proxy(), setWindowRect: true, strictFileInteractability: false, timeouts: {implicit: 0, pageLoad: 300000, script: 30000}, unhandledPromptBehavior: dismiss and notify, webauthn:extension:credBlob: true, webauthn:extension:largeBlob: true, webauthn:extension:minPinLength: true, webauthn:extension:prf: true, webauthn:virtualAuthenticators: true}
Session ID: 31c1f737f282a7a85852a53007a19847
at org.openqa.selenium.remote.http.W3CHttpResponseCodec.createException(W3CHttpResponseCodec.java:187)
at org.openqa.selenium.remote.http.W3CHttpResponseCodec.decode(W3CHttpResponseCodec.java:122)
at org.openqa.selenium.remote.http.W3CHttpResponseCodec.decode(W3CHttpResponseCodec.java:49)
at org.openqa.selenium.remote.HttpCommandExecutor.execute(HttpCommandExecutor.java:158)
at org.openqa.selenium.remote.service.DriverCommandExecutor.execute(DriverCommandExecutor.java:83)
at org.openqa.selenium.remote.RemoteWebDriver.execute(RemoteWebDriver.java:552)
at org.openqa.selenium.remote.RemoteWebDriver.get(RemoteWebDriver.java:277)
at base.TestBase.init(TestBase.java:49)
at crmtests.HomePageTest.initialization(HomePageTest.java:24)
at java.base/java.util.ArrayList.forEach(ArrayList.java:1511)
... Removed 36 stack frames]]>
    </failure>
  </testcase> <!-- @BeforeMethod initialization -->
  <testcase classname="crmtests.HomePageTest" name="@AfterMethod tearDown" time="0.0">
    <skipped/>
  </testcase> <!-- @AfterMethod tearDown -->
  <testcase classname="crmtests.HomePageTest" name="@BeforeMethod initialization" time="0.0">
    <skipped/>
  </testcase> <!-- @BeforeMethod initialization -->
  <testcase classname="crmtests.HomePageTest" name="@AfterMethod tearDown" time="0.0">
    <skipped/>
  </testcase> <!-- @AfterMethod tearDown -->
  <testcase classname="crmtests.HomePageTest" name="@BeforeMethod initialization" time="0.0">
    <skipped/>
  </testcase> <!-- @BeforeMethod initialization -->
  <testcase classname="crmtests.HomePageTest" name="@AfterMethod tearDown" time="0.0">
    <skipped/>
  </testcase> <!-- @AfterMethod tearDown -->
  <testcase classname="crmtests.HomePageTest" name="@BeforeMethod initialization" time="0.0">
    <skipped/>
  </testcase> <!-- @BeforeMethod initialization -->
  <testcase classname="crmtests.HomePageTest" name="@AfterMethod tearDown" time="0.0">
    <skipped/>
  </testcase> <!-- @AfterMethod tearDown -->
  <testcase classname="crmtests.HomePageTest" name="@BeforeMethod initialization" time="0.0">
    <skipped/>
  </testcase> <!-- @BeforeMethod initialization -->
  <testcase classname="crmtests.HomePageTest" name="@AfterMethod tearDown" time="0.0">
    <skipped/>
  </testcase> <!-- @AfterMethod tearDown -->
  <testcase classname="crmtests.HomePageTest" name="@BeforeMethod initialization" time="0.0">
    <skipped/>
  </testcase> <!-- @BeforeMethod initialization -->
  <testcase classname="crmtests.HomePageTest" name="@AfterMethod tearDown" time="0.0">
    <skipped/>
  </testcase> <!-- @AfterMethod tearDown -->
  <testcase classname="crmtests.HomePageTest" name="@BeforeMethod initialization" time="0.0">
    <skipped/>
  </testcase> <!-- @BeforeMethod initialization -->
  <testcase classname="crmtests.HomePageTest" name="@AfterMethod tearDown" time="0.0">
    <skipped/>
  </testcase> <!-- @AfterMethod tearDown -->
  <testcase classname="crmtests.LoginPageTest" name="validateLinksTest" time="0.063"/>
  <testcase classname="crmtests.LoginPageTest" name="validateLoginTest" time="0.0">
    <skipped/>
  </testcase> <!-- validateLoginTest -->
  <testcase classname="crmtests.LoginPageTest" name="validateLogoTest" time="0.0">
    <skipped/>
  </testcase> <!-- validateLogoTest -->
  <testcase classname="crmtests.HomePageTest" name="validateHomePageLogoTest" time="0.001">
    <skipped/>
  </testcase> <!-- validateHomePageLogoTest -->
  <testcase classname="crmtests.HomePageTest" name="validateLogoutTest" time="0.001">
    <skipped/>
  </testcase> <!-- validateLogoutTest -->
  <testcase classname="crmtests.HomePageTest" name="validateRedirectionOfCreateCompanyTest" time="0.0">
    <skipped/>
  </testcase> <!-- validateRedirectionOfCreateCompanyTest -->
  <testcase classname="crmtests.HomePageTest" name="validateRedirectionOfCreateContactTest" time="0.0">
    <skipped/>
  </testcase> <!-- validateRedirectionOfCreateContactTest -->
  <testcase classname="crmtests.HomePageTest" name="validateRedirectionOfCreateDealTest" time="0.0">
    <skipped/>
  </testcase> <!-- validateRedirectionOfCreateDealTest -->
  <testcase classname="crmtests.HomePageTest" name="validateRedirectionOfCreateTaskTest" time="0.0">
    <skipped/>
  </testcase> <!-- validateRedirectionOfCreateTaskTest -->
  <testcase classname="crmtests.HomePageTest" name="validateUserTest" time="0.0">
    <skipped/>
  </testcase> <!-- validateUserTest -->
</testsuite> <!-- Test -->
